Unity Editor version:    2022.3.12f1 (4fe6e059c7ef)
Branch:                  2022.3/release
Build type:              Release
Batch mode:              YES
macOS version:           Version 14.4 (Build 23E214)
Darwin version:          23.4.0
Architecture:            arm64
Running under Rosetta:   NO
Available memory:        32768 MB
Using pre-set license
Pro License: YES

COMMAND LINE ARGUMENTS:
/Applications/Unity/Hub/Editor/2022.3.12f1/Unity.app/Contents/MacOS/Unity
-adb2
-batchMode
-noUpm
-name
AssetImportWorker0
-projectPath
/Users/simonparedes143/Documents/GitHub/3D-FPS-Project/3D FPS Project
-logFile
Logs/AssetImportWorker0.log
-srvPort
52304
Successfully changed project path to: /Users/simonparedes143/Documents/GitHub/3D-FPS-Project/3D FPS Project
Could not lock editor preferences. Preferences updates for this instance of Unity will not be saved./Users/simonparedes143/Documents/GitHub/3D-FPS-Project/3D FPS Project
[UnityMemory] Configuration Parameters - Can be set up in boot.config
    "memorysetup-bucket-allocator-granularity=16"
    "memorysetup-bucket-allocator-bucket-count=8"
    "memorysetup-bucket-allocator-block-size=33554432"
    "memorysetup-bucket-allocator-block-count=8"
    "memorysetup-main-allocator-block-size=16777216"
    "memorysetup-thread-allocator-block-size=16777216"
    "memorysetup-gfx-main-allocator-block-size=16777216"
    "memorysetup-gfx-thread-allocator-block-size=16777216"
    "memorysetup-cache-allocator-block-size=4194304"
    "memorysetup-typetree-allocator-block-size=2097152"
    "memorysetup-profiler-bucket-allocator-granularity=16"
    "memorysetup-profiler-bucket-allocator-bucket-count=8"
    "memorysetup-profiler-bucket-allocator-block-size=33554432"
    "memorysetup-profiler-bucket-allocator-block-count=8"
    "memorysetup-profiler-allocator-block-size=16777216"
    "memorysetup-profiler-editor-allocator-block-size=1048576"
    "memorysetup-temp-allocator-size-main=16777216"
    "memorysetup-job-temp-allocator-block-size=2097152"
    "memorysetup-job-temp-allocator-block-size-background=1048576"
    "memorysetup-job-temp-allocator-reduction-small-platforms=262144"
    "memorysetup-allocator-temp-initial-block-size-main=262144"
    "memorysetup-allocator-temp-initial-block-size-worker=262144"
    "memorysetup-temp-allocator-size-background-worker=32768"
    "memorysetup-temp-allocator-size-job-worker=262144"
    "memorysetup-temp-allocator-size-preload-manager=33554432"
    "memorysetup-temp-allocator-size-nav-mesh-worker=65536"
    "memorysetup-temp-allocator-size-audio-worker=65536"
    "memorysetup-temp-allocator-size-cloud-worker=32768"
    "memorysetup-temp-allocator-size-gi-baking-worker=262144"
    "memorysetup-temp-allocator-size-gfx=262144"
Player connection [8691825344] Host "[IP] 10.94.19.167 [Port] 0 [Flags] 2 [Guid] 3961217849 [EditorId] 3961217849 [Version] 1048832 [Id] OSXEditor(0,mac-studio.rusd.edu) [Debug] 1 [PackageName] OSXEditor [ProjectName] Editor" joined multi-casting on [225.0.0.222:54997]...

Player connection [8691825344] Host "[IP] 10.94.19.167 [Port] 0 [Flags] 2 [Guid] 3961217849 [EditorId] 3961217849 [Version] 1048832 [Id] OSXEditor(0,mac-studio.rusd.edu) [Debug] 1 [PackageName] OSXEditor [ProjectName] Editor" joined alternative multi-casting on [225.0.0.222:34997]...

[Physics::Module] Initialized MultithreadedJobDispatcher with 11 workers.
Refreshing native plugins compatible for Editor in 2.30 ms, found 2 plugins.
Preloading 0 native plugins for Editor in 0.00 ms.
Initialize engine version: 2022.3.12f1 (4fe6e059c7ef)
[Subsystems] Discovering subsystems at path /Applications/Unity/Hub/Editor/2022.3.12f1/Unity.app/Contents/Resources/UnitySubsystems
[Subsystems] Discovering subsystems at path /Users/simonparedes143/Documents/GitHub/3D-FPS-Project/3D FPS Project/Assets
GfxDevice: creating device client; threaded=0; jobified=0
 preferred device: Apple M2 Max (high power)
Metal devices available: 1
0: Apple M2 Max (high power)
Using device Apple M2 Max (high power)
Initializing Metal device caps: Apple M2 Max
Initialize mono
Mono path[0] = '/Applications/Unity/Hub/Editor/2022.3.12f1/Unity.app/Contents/Managed'
Mono path[1] = '/Applications/Unity/Hub/Editor/2022.3.12f1/Unity.app/Contents/MonoBleedingEdge/lib/mono/unityjit-macos'
Mono config path = '/Applications/Unity/Hub/Editor/2022.3.12f1/Unity.app/Contents/MonoBleedingEdge/etc'
Using monoOptions --debugger-agent=transport=dt_socket,embedding=1,server=y,suspend=n,address=127.0.0.1:56097
Begin MonoManager ReloadAssembly
Registering precompiled unity dll's ...
Register platform support module: /Applications/Unity/Hub/Editor/2022.3.12f1/PlaybackEngines/WebGLSupport/UnityEditor.WebGL.Extensions.dll
Register platform support module: /Applications/Unity/Hub/Editor/2022.3.12f1/Unity.app/Contents/PlaybackEngines/MacStandaloneSupport/UnityEditor.OSXStandalone.Extensions.dll
Registered in 0.000956 seconds.
- Loaded All Assemblies, in  0.181 seconds
Native extension for OSXStandalone target not found
Native extension for WebGL target not found
Mono: successfully reloaded assembly
- Finished resetting the current domain, in  0.129 seconds
Domain Reload Profiling: 310ms
	BeginReloadAssembly (44ms)
		ExecutionOrderSort (0ms)
		DisableScriptedObjects (0ms)
		BackupInstance (0ms)
		ReleaseScriptingObjects (0ms)
		CreateAndSetChildDomain (0ms)
	RebuildCommonClasses (21ms)
	RebuildNativeTypeToScriptingClass (7ms)
	initialDomainReloadingComplete (26ms)
	LoadAllAssembliesAndSetupDomain (82ms)
		LoadAssemblies (44ms)
		RebuildTransferFunctionScriptingTraits (0ms)
		AnalyzeDomain (81ms)
			TypeCache.Refresh (81ms)
				TypeCache.ScanAssembly (73ms)
			ScanForSourceGeneratedMonoScriptInfo (0ms)
			ResolveRequiredComponents (0ms)
	FinalizeReload (129ms)
		ReleaseScriptCaches (0ms)
		RebuildScriptCaches (0ms)
		SetupLoadedEditorAssemblies (96ms)
			LogAssemblyErrors (0ms)
			InitializePlatformSupportModulesInManaged (4ms)
			SetLoadedEditorAssemblies (3ms)
			RefreshPlugins (0ms)
			BeforeProcessingInitializeOnLoad (1ms)
			ProcessInitializeOnLoadAttributes (65ms)
			ProcessInitializeOnLoadMethodAttributes (23ms)
			AfterProcessingInitializeOnLoad (0ms)
			EditorAssembliesLoaded (0ms)
		ExecutionOrderSort2 (0ms)
		AwakeInstancesAfterBackupRestoration (0ms)
========================================================================
Worker process is ready to serve import requests
Begin MonoManager ReloadAssembly
- Loaded All Assemblies, in  0.333 seconds
Refreshing native plugins compatible for Editor in 1.21 ms, found 2 plugins.
Native extension for OSXStandalone target not found
Native extension for WebGL target not found
Package Manager log level set to [2]
[Package Manager] Server::EnsureServerProcessIsRunning -- launch failed, reason: Unity was launched with the -noUpm command-line argument
[Package Manager] UpmClient::Send -- Unable to send message (not connected to UPM process).
[Package Manager] Cannot connect to Unity Package Manager local server
Mono: successfully reloaded assembly
- Finished resetting the current domain, in  0.303 seconds
Domain Reload Profiling: 636ms
	BeginReloadAssembly (68ms)
		ExecutionOrderSort (0ms)
		DisableScriptedObjects (3ms)
		BackupInstance (0ms)
		ReleaseScriptingObjects (0ms)
		CreateAndSetChildDomain (15ms)
	RebuildCommonClasses (21ms)
	RebuildNativeTypeToScriptingClass (7ms)
	initialDomainReloadingComplete (19ms)
	LoadAllAssembliesAndSetupDomain (217ms)
		LoadAssemblies (146ms)
		RebuildTransferFunctionScriptingTraits (0ms)
		AnalyzeDomain (102ms)
			TypeCache.Refresh (93ms)
				TypeCache.ScanAssembly (84ms)
			ScanForSourceGeneratedMonoScriptInfo (6ms)
			ResolveRequiredComponents (2ms)
	FinalizeReload (303ms)
		ReleaseScriptCaches (0ms)
		RebuildScriptCaches (0ms)
		SetupLoadedEditorAssemblies (217ms)
			LogAssemblyErrors (0ms)
			InitializePlatformSupportModulesInManaged (3ms)
			SetLoadedEditorAssemblies (2ms)
			RefreshPlugins (0ms)
			BeforeProcessingInitializeOnLoad (30ms)
			ProcessInitializeOnLoadAttributes (172ms)
			ProcessInitializeOnLoadMethodAttributes (10ms)
			AfterProcessingInitializeOnLoad (1ms)
			EditorAssembliesLoaded (0ms)
		ExecutionOrderSort2 (0ms)
		AwakeInstancesAfterBackupRestoration (2ms)
Launching external process: /Applications/Unity/Hub/Editor/2022.3.12f1/Unity.app/Contents/Tools/UnityShaderCompiler
Launched and connected shader compiler UnityShaderCompiler after 0.03 seconds
Refreshing native plugins compatible for Editor in 1.59 ms, found 2 plugins.
Preloading 0 native plugins for Editor in 0.00 ms.
Unloading 3111 Unused Serialized files (Serialized files now loaded: 0)
Unloading 32 unused Assets / (51.4 KB). Loaded Objects now: 3573.
Memory consumption went from 133.5 MB to 133.4 MB.
Total: 2.108334 ms (FindLiveObjects: 0.113916 ms CreateObjectMapping: 0.052292 ms MarkObjects: 1.877792 ms  DeleteObjects: 0.063917 ms)

AssetImportParameters requested are different than current active one (requested -> active):
  custom:container-demuxer-ogg: 62fdf1f143b41e24485cea50d1cbac27 -> 
  custom:video-decoder-ogg-theora: a1e56fd34408186e4bbccfd4996cb3dc -> 
  custom:CustomObjectIndexerAttribute: 756ad292c208cfabdd7b50bc23989ffe -> 
  custom:container-demuxer-webm: 4f35f7cbe854078d1ac9338744f61a02 -> 
  custom:container-muxer-webm: aa71ff27fc2769a1b78a27578f13a17b -> 
  custom:video-decoder-webm-vp8: 9c59270c3fd7afecdb556c50c9e8de78 -> 
  custom:SearchIndexIgnoredProperties: e643bd26f0fe6173181afceb89e7c659 -> 
  custom:AudioImporter_EditorPlatform: 3918e3fc78b5a79bad01e8451be0beb8 -> 
  custom:framework-osx-AVFoundation: e770b220cccbd017edd2c1fefb359320 -> 
  custom:video-encoder-webm-vp8: eb34c28f22e8b96e1ab97ce403110664 -> 
  custom:audio-decoder-ogg-vorbis: bf7c407c2cedff20999df2af8eb42d56 -> 
  custom:audio-encoder-webm-vorbis: bf7c407c2cedff20999df2af8eb42d56 -> 
========================================================================
Received Import Request.
  Time since last request: 9884.160445 seconds.
  path: Assets/TextMesh Pro/KayKit_Prototype_Bits_1.0_EXTRA/Assets/fbx(unity)/table_medium_Decorated.fbx
  artifactKey: Guid(4fd24adee024b4a02bf87a1e35d166ce) Importer(815301076,1909f56bfc062723c751e8b465ee728b)
Start importing Assets/TextMesh Pro/KayKit_Prototype_Bits_1.0_EXTRA/Assets/fbx(unity)/table_medium_Decorated.fbx using Guid(4fd24adee024b4a02bf87a1e35d166ce) Importer(815301076,1909f56bfc062723c751e8b465ee728b)  -> (artifact id: 'ab16ac3ac211bce543170c8f1f2d7231') in 0.125163 seconds
Number of updated asset objects reloaded before import = 0
Number of asset objects unloaded after import = 9
========================================================================
Received Import Request.
  Time since last request: 0.000031 seconds.
  path: Assets/TextMesh Pro/KayKit_Prototype_Bits_1.0_EXTRA/Assets/obj/Box_A.obj
  artifactKey: Guid(d05ebd109422b45dc87da0c98a31ea4a) Importer(815301076,1909f56bfc062723c751e8b465ee728b)
Start importing Assets/TextMesh Pro/KayKit_Prototype_Bits_1.0_EXTRA/Assets/obj/Box_A.obj using Guid(d05ebd109422b45dc87da0c98a31ea4a) Importer(815301076,1909f56bfc062723c751e8b465ee728b)  -> (artifact id: '722037f8a1018cbedfdc040e7db965b2') in 0.009172 seconds
Number of updated asset objects reloaded before import = 0
Number of asset objects unloaded after import = 11
========================================================================
Received Import Request.
  Time since last request: 0.000029 seconds.
  path: Assets/TextMesh Pro/KayKit_Prototype_Bits_1.0_EXTRA/Assets/fbx(unity)/Barrel_B.fbx
  artifactKey: Guid(b16a2021e1c8c42ff804d75dbb51fcf0) Importer(815301076,1909f56bfc062723c751e8b465ee728b)
Start importing Assets/TextMesh Pro/KayKit_Prototype_Bits_1.0_EXTRA/Assets/fbx(unity)/Barrel_B.fbx using Guid(b16a2021e1c8c42ff804d75dbb51fcf0) Importer(815301076,1909f56bfc062723c751e8b465ee728b)  -> (artifact id: '260c57299c6a6278bc0d4aa9dc864283') in 0.007044 seconds
Number of updated asset objects reloaded before import = 0
Number of asset objects unloaded after import = 9
========================================================================
Received Import Request.
  Time since last request: 0.000044 seconds.
  path: Assets/TextMesh Pro/KayKit_Prototype_Bits_1.0_EXTRA/Assets/fbx(unity)/Cube_Prototype_Large_B.fbx
  artifactKey: Guid(63d7ffbd59bf84ca4a44c6ef84ab5b50) Importer(815301076,1909f56bfc062723c751e8b465ee728b)
Start importing Assets/TextMesh Pro/KayKit_Prototype_Bits_1.0_EXTRA/Assets/fbx(unity)/Cube_Prototype_Large_B.fbx using Guid(63d7ffbd59bf84ca4a44c6ef84ab5b50) Importer(815301076,1909f56bfc062723c751e8b465ee728b)  -> (artifact id: 'a2163ad4001059bad30428f41a55c224') in 0.006785 seconds
Number of updated asset objects reloaded before import = 0
Number of asset objects unloaded after import = 9
========================================================================
Received Import Request.
  Time since last request: 0.000031 seconds.
  path: Assets/TextMesh Pro/KayKit_Prototype_Bits_1.0_EXTRA/Assets/fbx(unity)/Locker.fbx
  artifactKey: Guid(e659a4ec4418c48f79c9acf489d96070) Importer(815301076,1909f56bfc062723c751e8b465ee728b)
Start importing Assets/TextMesh Pro/KayKit_Prototype_Bits_1.0_EXTRA/Assets/fbx(unity)/Locker.fbx using Guid(e659a4ec4418c48f79c9acf489d96070) Importer(815301076,1909f56bfc062723c751e8b465ee728b)  -> (artifact id: '600977229f9a53f8463c7f7e74316478') in 0.010743 seconds
Number of updated asset objects reloaded before import = 0
Number of asset objects unloaded after import = 14
========================================================================
Received Import Request.
  Time since last request: 0.000078 seconds.
  path: Assets/TextMesh Pro/KayKit_Prototype_Bits_1.0_EXTRA/Assets/fbx(unity)/target.fbx
  artifactKey: Guid(98b6a1558e3564b52ae03adfdd57180f) Importer(815301076,1909f56bfc062723c751e8b465ee728b)
Start importing Assets/TextMesh Pro/KayKit_Prototype_Bits_1.0_EXTRA/Assets/fbx(unity)/target.fbx using Guid(98b6a1558e3564b52ae03adfdd57180f) Importer(815301076,1909f56bfc062723c751e8b465ee728b)  -> (artifact id: 'da64ac49e33066425e1cf9c7c26a6e9d') in 0.007670 seconds
Number of updated asset objects reloaded before import = 0
Number of asset objects unloaded after import = 9
========================================================================
Received Import Request.
  Time since last request: 0.000045 seconds.
  path: Assets/TextMesh Pro/KayKit_Prototype_Bits_1.0_EXTRA/Assets/obj/Barrel_A.obj
  artifactKey: Guid(9ef99c54f51814da0a4b9631efb75deb) Importer(815301076,1909f56bfc062723c751e8b465ee728b)
Start importing Assets/TextMesh Pro/KayKit_Prototype_Bits_1.0_EXTRA/Assets/obj/Barrel_A.obj using Guid(9ef99c54f51814da0a4b9631efb75deb) Importer(815301076,1909f56bfc062723c751e8b465ee728b)  -> (artifact id: '0d4b067f6d0a823eaceb55e023a87fbe') in 0.008825 seconds
Number of updated asset objects reloaded before import = 0
Number of asset objects unloaded after import = 11
========================================================================
Received Import Request.
  Time since last request: 0.000053 seconds.
  path: Assets/TextMesh Pro/KayKit_Prototype_Bits_1.0_EXTRA/Assets/fbx(unity)/Bat.fbx
  artifactKey: Guid(58ea145820cdb43b6a660d4392e6f69e) Importer(815301076,1909f56bfc062723c751e8b465ee728b)
Start importing Assets/TextMesh Pro/KayKit_Prototype_Bits_1.0_EXTRA/Assets/fbx(unity)/Bat.fbx using Guid(58ea145820cdb43b6a660d4392e6f69e) Importer(815301076,1909f56bfc062723c751e8b465ee728b)  -> (artifact id: 'eb90b04256aa71534470acd95b2b148a') in 0.006695 seconds
Number of updated asset objects reloaded before import = 0
Number of asset objects unloaded after import = 9
========================================================================
Received Import Request.
  Time since last request: 0.000049 seconds.
  path: Assets/TextMesh Pro/KayKit_Prototype_Bits_1.0_EXTRA/Assets/fbx(unity)/Gun_Rifle.fbx
  artifactKey: Guid(dc3c945a7e2954b4b9c965ef895d4a8c) Importer(815301076,1909f56bfc062723c751e8b465ee728b)
Start importing Assets/TextMesh Pro/KayKit_Prototype_Bits_1.0_EXTRA/Assets/fbx(unity)/Gun_Rifle.fbx using Guid(dc3c945a7e2954b4b9c965ef895d4a8c) Importer(815301076,1909f56bfc062723c751e8b465ee728b)  -> (artifact id: 'af93d3fd12d235996a5591b81f5056ed') in 0.011431 seconds
Number of updated asset objects reloaded before import = 0
Number of asset objects unloaded after import = 14
========================================================================
Received Import Request.
  Time since last request: 0.000032 seconds.
  path: Assets/TextMesh Pro/KayKit_Prototype_Bits_1.0_EXTRA/Assets/fbx(unity)/Box_B.fbx
  artifactKey: Guid(2ee1dff49e67846b3a173d82587ce5bd) Importer(815301076,1909f56bfc062723c751e8b465ee728b)
Start importing Assets/TextMesh Pro/KayKit_Prototype_Bits_1.0_EXTRA/Assets/fbx(unity)/Box_B.fbx using Guid(2ee1dff49e67846b3a173d82587ce5bd) Importer(815301076,1909f56bfc062723c751e8b465ee728b)  -> (artifact id: '804e418f08642a0acc3c1402850e2f86') in 0.007138 seconds
Number of updated asset objects reloaded before import = 0
Number of asset objects unloaded after import = 9
========================================================================
Received Import Request.
  Time since last request: 0.000040 seconds.
  path: Assets/TextMesh Pro/KayKit_Prototype_Bits_1.0_EXTRA/Assets/fbx(unity)/Primitive_Wall_Slope.fbx
  artifactKey: Guid(76e375c7cbb6b4bc99be9075febe8e42) Importer(815301076,1909f56bfc062723c751e8b465ee728b)
Start importing Assets/TextMesh Pro/KayKit_Prototype_Bits_1.0_EXTRA/Assets/fbx(unity)/Primitive_Wall_Slope.fbx using Guid(76e375c7cbb6b4bc99be9075febe8e42) Importer(815301076,1909f56bfc062723c751e8b465ee728b)  -> (artifact id: '5611042a3fdaa79747e943265c97890f') in 0.007178 seconds
Number of updated asset objects reloaded before import = 0
Number of asset objects unloaded after import = 9
========================================================================
Received Import Request.
  Time since last request: 0.000042 seconds.
  path: Assets/TextMesh Pro/KayKit_Prototype_Bits_1.0_EXTRA/Assets/fbx(unity)/Door_A.fbx
  artifactKey: Guid(300c3b4cb6686466b969220b5bbf7640) Importer(815301076,1909f56bfc062723c751e8b465ee728b)
Start importing Assets/TextMesh Pro/KayKit_Prototype_Bits_1.0_EXTRA/Assets/fbx(unity)/Door_A.fbx using Guid(300c3b4cb6686466b969220b5bbf7640) Importer(815301076,1909f56bfc062723c751e8b465ee728b)  -> (artifact id: 'b7e4d5c80a45705fe1a5a34a58a564fd') in 0.008407 seconds
Number of updated asset objects reloaded before import = 0
Number of asset objects unloaded after import = 9
========================================================================
Received Import Request.
  Time since last request: 0.000034 seconds.
  path: Assets/TextMesh Pro/KayKit_Prototype_Bits_1.0_EXTRA/Assets/fbx(unity)/Coin_B.fbx
  artifactKey: Guid(4a1f56b8ef5fe400d95805e03b931ae3) Importer(815301076,1909f56bfc062723c751e8b465ee728b)
Start importing Assets/TextMesh Pro/KayKit_Prototype_Bits_1.0_EXTRA/Assets/fbx(unity)/Coin_B.fbx using Guid(4a1f56b8ef5fe400d95805e03b931ae3) Importer(815301076,1909f56bfc062723c751e8b465ee728b)  -> (artifact id: '2e32b26c721105c434387c5442638a8a') in 0.007637 seconds
Number of updated asset objects reloaded before import = 0
Number of asset objects unloaded after import = 9
========================================================================
Received Import Request.
  Time since last request: 0.000070 seconds.
  path: Assets/TextMesh Pro/KayKit_Prototype_Bits_1.0_EXTRA/Assets/fbx(unity)/target_pieces_A.fbx
  artifactKey: Guid(e2f5aa04c2ece44ec933d6af0b30ddcd) Importer(815301076,1909f56bfc062723c751e8b465ee728b)
Start importing Assets/TextMesh Pro/KayKit_Prototype_Bits_1.0_EXTRA/Assets/fbx(unity)/target_pieces_A.fbx using Guid(e2f5aa04c2ece44ec933d6af0b30ddcd) Importer(815301076,1909f56bfc062723c751e8b465ee728b)  -> (artifact id: '4cee6ad648edecda968e5c98b92e6265') in 0.007035 seconds
Number of updated asset objects reloaded before import = 0
Number of asset objects unloaded after import = 9
========================================================================
Received Import Request.
  Time since last request: 0.000032 seconds.
  path: Assets/TextMesh Pro/KayKit_Prototype_Bits_1.0_EXTRA/Assets/fbx(unity)/target_pieces_E.fbx
  artifactKey: Guid(e53949cb9f713408f813d3753764c417) Importer(815301076,1909f56bfc062723c751e8b465ee728b)
Start importing Assets/TextMesh Pro/KayKit_Prototype_Bits_1.0_EXTRA/Assets/fbx(unity)/target_pieces_E.fbx using Guid(e53949cb9f713408f813d3753764c417) Importer(815301076,1909f56bfc062723c751e8b465ee728b)  -> (artifact id: 'abe1b9872ae6ec49129c6f3b87a3dcda') in 0.006912 seconds
Number of updated asset objects reloaded before import = 0
Number of asset objects unloaded after import = 9
========================================================================
Received Import Request.
  Time since last request: 0.000050 seconds.
  path: Assets/TextMesh Pro/KayKit_Prototype_Bits_1.0_EXTRA/Assets/fbx(unity)/table_medium_long.fbx
  artifactKey: Guid(ae6ad39b72bb54cf79c80ef8b900cac7) Importer(815301076,1909f56bfc062723c751e8b465ee728b)
Start importing Assets/TextMesh Pro/KayKit_Prototype_Bits_1.0_EXTRA/Assets/fbx(unity)/table_medium_long.fbx using Guid(ae6ad39b72bb54cf79c80ef8b900cac7) Importer(815301076,1909f56bfc062723c751e8b465ee728b)  -> (artifact id: 'd433995529db25d5dfc5ce48d7697382') in 0.007023 seconds
Number of updated asset objects reloaded before import = 0
Number of asset objects unloaded after import = 9
========================================================================
Received Import Request.
  Time since last request: 0.000040 seconds.
  path: Assets/TextMesh Pro/KayKit_Prototype_Bits_1.0_EXTRA/Assets/fbx/Box_B.fbx
  artifactKey: Guid(714d28cfccbe24420b6381d34693e4b6) Importer(815301076,1909f56bfc062723c751e8b465ee728b)
Start importing Assets/TextMesh Pro/KayKit_Prototype_Bits_1.0_EXTRA/Assets/fbx/Box_B.fbx using Guid(714d28cfccbe24420b6381d34693e4b6) Importer(815301076,1909f56bfc062723c751e8b465ee728b)  -> (artifact id: '95d2e6d1135ec6a3d5c27cb4e670845d') in 0.007208 seconds
Number of updated asset objects reloaded before import = 0
Number of asset objects unloaded after import = 9
========================================================================
Received Import Request.
  Time since last request: 0.000024 seconds.
  path: Assets/TextMesh Pro/KayKit_Prototype_Bits_1.0_EXTRA/Assets/fbx(unity)/Primitive_Cube_Small.fbx
  artifactKey: Guid(c83d42ea87b1b4950b174f3bff9e567d) Importer(815301076,1909f56bfc062723c751e8b465ee728b)
Start importing Assets/TextMesh Pro/KayKit_Prototype_Bits_1.0_EXTRA/Assets/fbx(unity)/Primitive_Cube_Small.fbx using Guid(c83d42ea87b1b4950b174f3bff9e567d) Importer(815301076,1909f56bfc062723c751e8b465ee728b)  -> (artifact id: 'c78381bfb263a6b811613a3b0a399003') in 0.007102 seconds
Number of updated asset objects reloaded before import = 0
Number of asset objects unloaded after import = 9
========================================================================
Received Import Request.
  Time since last request: 0.000061 seconds.
  path: Assets/TextMesh Pro/KayKit_Prototype_Bits_1.0_EXTRA/Assets/fbx(unity)/Primitive_Window.fbx
  artifactKey: Guid(27466077d03f74fdf87f26ed1394d156) Importer(815301076,1909f56bfc062723c751e8b465ee728b)
Start importing Assets/TextMesh Pro/KayKit_Prototype_Bits_1.0_EXTRA/Assets/fbx(unity)/Primitive_Window.fbx using Guid(27466077d03f74fdf87f26ed1394d156) Importer(815301076,1909f56bfc062723c751e8b465ee728b)  -> (artifact id: '7edc2b79b07a202a12b9b922be860aab') in 0.007175 seconds
Number of updated asset objects reloaded before import = 0
Number of asset objects unloaded after import = 9
========================================================================
Received Import Request.
  Time since last request: 0.000032 seconds.
  path: Assets/TextMesh Pro/KayKit_Prototype_Bits_1.0_EXTRA/Assets/fbx(unity)/target_pieces_D.fbx
  artifactKey: Guid(eee3aeddba38c4f68a4381af8899138e) Importer(815301076,1909f56bfc062723c751e8b465ee728b)
Start importing Assets/TextMesh Pro/KayKit_Prototype_Bits_1.0_EXTRA/Assets/fbx(unity)/target_pieces_D.fbx using Guid(eee3aeddba38c4f68a4381af8899138e) Importer(815301076,1909f56bfc062723c751e8b465ee728b)  -> (artifact id: '81c32a9702bb093bdd07d099135f4957') in 0.007183 seconds
Number of updated asset objects reloaded before import = 0
Number of asset objects unloaded after import = 9
Editor requested this worker to shutdown with reason: Scaling down because of idle timeout
TcpMessagingSession - receive error: operation aborted. errorcode: 89, details: Operation aborted.
AssetImportWorker is now disconnected from the server
Process exiting
